  MathF.cpp
E:\Engy\Engy\Engy-core\Matrix.h(3,31): error C2653: 'Engy': is not a class or namespace name
E:\Engy\Engy\Engy-core\Matrix.h(3,31): error C2871: 'Graphics': a namespace with this name does not exist
E:\Engy\Engy\Engy-core\Matrix.h(22,36): error C2061: syntax error: identifier 'Vector'
E:\Engy\Engy\Engy-core\Matrix.h(23,38): error C2061: syntax error: identifier 'Vector'
E:\Engy\Engy\Engy-core\MathF.cpp(9,42): error C2660: 'Engy::Math::Matrix::VectAsMat': function does not take 1 arguments
E:\Engy\Engy\Engy-core\Matrix.h(22,19): message : see declaration of 'Engy::Math::Matrix::VectAsMat'
E:\Engy\Engy\Engy-core\MathF.cpp(9): error C2280: 'Engy::Math::Matrix::Matrix(void)': attempting to reference a deleted function
E:\Engy\Engy\Engy-core\Matrix.h(16): message : see declaration of 'Engy::Math::Matrix::Matrix'
E:\Engy\Engy\Engy-core\Matrix.h(16,5): message : 'Engy::Math::Matrix::Matrix(void)': function was explicitly deleted
  Matrix.cpp
E:\Engy\Engy\Engy-core\vector.h(7,24): error C2039: 'Math': is not a member of 'Engy'
E:\Engy\Engy\Engy-core\vector.h(6): message : see declaration of 'Engy'
E:\Engy\Engy\Engy-core\vector.h(7,28): error C2871: 'Math': a namespace with this name does not exist
E:\Engy\Engy\Engy-core\vector.h(23,28): error C3083: 'Math': the symbol to the left of a '::' must be a type
E:\Engy\Engy\Engy-core\vector.h(23,34): error C2039: 'Matrix': is not a member of 'Engy'
E:\Engy\Engy\Engy-core\vector.h(6): message : see declaration of 'Engy'
E:\Engy\Engy\Engy-core\vector.h(23,41): error C2061: syntax error: identifier 'Matrix'
  MyGame.cpp
E:\Engy\Engy\Engy-core\Matrix.h(22,36): error C2061: syntax error: identifier 'Vector'
E:\Engy\Engy\Engy-core\Matrix.h(23,38): error C2061: syntax error: identifier 'Vector'
  rectangle.cpp
E:\Engy\Engy\Engy-core\Matrix.h(3,31): error C2653: 'Engy': is not a class or namespace name
E:\Engy\Engy\Engy-core\Matrix.h(3,31): error C2871: 'Graphics': a namespace with this name does not exist
E:\Engy\Engy\Engy-core\Matrix.h(22,36): error C2061: syntax error: identifier 'Vector'
E:\Engy\Engy\Engy-core\Matrix.h(23,38): error C2061: syntax error: identifier 'Vector'
  RunnableGame.cpp
E:\Engy\Engy\Engy-core\Matrix.h(22,36): error C2061: syntax error: identifier 'Vector'
E:\Engy\Engy\Engy-core\Matrix.h(23,38): error C2061: syntax error: identifier 'Vector'
  Shape2d.cpp
E:\Engy\Engy\Engy-core\Matrix.h(3,31): error C2653: 'Engy': is not a class or namespace name
E:\Engy\Engy\Engy-core\Matrix.h(3,31): error C2871: 'Graphics': a namespace with this name does not exist
E:\Engy\Engy\Engy-core\Matrix.h(22,36): error C2061: syntax error: identifier 'Vector'
E:\Engy\Engy\Engy-core\Matrix.h(23,38): error C2061: syntax error: identifier 'Vector'
E:\Engy\Engy\Engy-core\Shape2d.cpp(11,79): error C2660: 'Engy::Math::Matrix::VectAsBasis': function does not take 1 arguments
E:\Engy\Engy\Engy-core\Matrix.h(23,19): message : see declaration of 'Engy::Math::Matrix::VectAsBasis'
E:\Engy\Engy\Engy-core\Shape2d.cpp(11): error C2280: 'Engy::Math::Matrix::Matrix(void)': attempting to reference a deleted function
E:\Engy\Engy\Engy-core\Matrix.h(16): message : see declaration of 'Engy::Math::Matrix::Matrix'
E:\Engy\Engy\Engy-core\Matrix.h(16,5): message : 'Engy::Math::Matrix::Matrix(void)': function was explicitly deleted
E:\Engy\Engy\Engy-core\Shape2d.cpp(12,22): warning C4018: '<': signed/unsigned mismatch
E:\Engy\Engy\Engy-core\Shape2d.cpp(17,32): warning C4244: 'argument': conversion from 'Engy::Graphics::Vector::data_type' to 'GLfloat', possible loss of data
E:\Engy\Engy\Engy-core\Shape2d.cpp(17,22): warning C4244: 'argument': conversion from 'Engy::Graphics::Vector::data_type' to 'GLfloat', possible loss of data
  Transform.cpp
E:\Engy\Engy\Engy-core\Matrix.h(3,31): error C2653: 'Engy': is not a class or namespace name
E:\Engy\Engy\Engy-core\Matrix.h(3,31): error C2871: 'Graphics': a namespace with this name does not exist
E:\Engy\Engy\Engy-core\Matrix.h(22,36): error C2061: syntax error: identifier 'Vector'
E:\Engy\Engy\Engy-core\Matrix.h(23,38): error C2061: syntax error: identifier 'Vector'
  line.cpp
E:\Engy\Engy\Engy-core\Matrix.h(3,31): error C2653: 'Engy': is not a class or namespace name
E:\Engy\Engy\Engy-core\Matrix.h(3,31): error C2871: 'Graphics': a namespace with this name does not exist
E:\Engy\Engy\Engy-core\Matrix.h(22,36): error C2061: syntax error: identifier 'Vector'
E:\Engy\Engy\Engy-core\Matrix.h(23,38): error C2061: syntax error: identifier 'Vector'
  main.cpp
  vector.cpp
E:\Engy\Engy\Engy-core\Matrix.h(3,31): error C2653: 'Engy': is not a class or namespace name
E:\Engy\Engy\Engy-core\Matrix.h(3,31): error C2871: 'Graphics': a namespace with this name does not exist
E:\Engy\Engy\Engy-core\Matrix.h(22,36): error C2061: syntax error: identifier 'Vector'
E:\Engy\Engy\Engy-core\Matrix.h(23,38): error C2061: syntax error: identifier 'Vector'
E:\Engy\Engy\Engy-core\vector.cpp(30,22): warning C4018: '<': signed/unsigned mismatch
  Window.cpp
  Generating Code...
