e:\engy\engy\engy-core\debug\vc141.pdb
e:\engy\engy\engy-core\debug\vc141.idb
e:\engy\engy\engy-core\debug\window.obj
e:\engy\engy\engy-core\debug\vector.obj
e:\engy\engy\engy-core\debug\line.obj
e:\engy\engy\engy-core\debug\main.obj
e:\engy\engy\engy-core\debug\keyboardinput.obj
e:\engy\engy\engy-core\debug\userinput.obj
e:\engy\engy\engy-core\debug\runnablegame.obj
e:\engy\engy\engy-core\debug\mygame.obj
e:\engy\engy\engy-core\debug\shape2d.obj
e:\engy\engy\engy-core\debug\object.obj
e:\engy\engy\engy-core\debug\vc142.pdb
e:\engy\engy\engy-core\debug\rectangle.obj
e:\engy\engy\engy-core\debug\vc142.idb
e:\engy\engy\engy-core\debug\transform.obj
e:\engy\engy\engy-core\debug\math.obj
e:\engy\engy\engy-core\debug\matrix.obj
e:\engy\engy\debug\engy-core.exe
e:\engy\engy\debug\engy-core.ilk
e:\engy\engy\debug\engy-core.pdb
e:\engy\engy\engy-core\debug\nativecodeanalysis.read.1.tlog
e:\engy\engy\engy-core\debug\line.nativecodeanalysis.xml
e:\engy\engy\engy-core\debug\main.nativecodeanalysis.xml
e:\engy\engy\engy-core\debug\mygame.nativecodeanalysis.xml
e:\engy\engy\engy-core\debug\runnablegame.nativecodeanalysis.xml
e:\engy\engy\engy-core\debug\userinput.nativecodeanalysis.xml
e:\engy\engy\engy-core\debug\vc.nativecodeanalysis.all.xml
e:\engy\engy\engy-core\debug\vector.nativecodeanalysis.xml
e:\engy\engy\engy-core\debug\window.nativecodeanalysis.xml
e:\engy\engy\debug\engy-core.exe.lastcodeanalysissucceeded
e:\engy\engy\engy-core\debug\engy-core.tlog\cl.command.1.tlog
e:\engy\engy\engy-core\debug\engy-core.tlog\cl.read.1.tlog
e:\engy\engy\engy-core\debug\engy-core.tlog\cl.write.1.tlog
e:\engy\engy\engy-core\debug\engy-core.tlog\link.command.1.tlog
e:\engy\engy\engy-core\debug\engy-core.tlog\link.read.1.tlog
e:\engy\engy\engy-core\debug\engy-core.tlog\link.write.1.tlog
